<?xml version="1.0" encoding="UTF-8" ?>
<testsuite failures="1" time="20.507" errors="0" skipped="0" tests="1" name="org.apache.camel.component.zeromq.ZeromqProducerTest">
  <properties>
[...]
</properties>
  <testcase time="20.507" classname="org.apache.camel.component.zeromq.ZeromqProducerTest" name="testProduce">
    <failure message="Messages not consumed = 2" type="java.lang.AssertionError">java.lang.AssertionError: Messages not consumed = 2
	at org.junit.Assert.fail(Assert.java:93)
	at org.junit.Assert.assertTrue(Assert.java:43)
	at org.apache.camel.component.zeromq.ZeromqProducerTest.testProduce(ZeromqProducerTest.java:53)
	at sun.reflect.NativeMethodAccessorImpl.invoke0(Native Method)
	at sun.reflect.NativeMethodAccessorImpl.invoke(NativeMethodAccessorImpl.java:57)
	at sun.reflect.DelegatingMethodAccessorImpl.invoke(DelegatingMethodAccessorImpl.java:43)
	at java.lang.reflect.Method.invoke(Method.java:606)
	at org.junit.runners.model.FrameworkMethod$1.runReflectiveCall(FrameworkMethod.java:45)
	at org.junit.internal.runners.model.ReflectiveCallable.run(ReflectiveCallable.java:15)
	at org.junit.runners.model.FrameworkMethod.invokeExplosively(FrameworkMethod.java:42)
	at org.junit.internal.runners.statements.InvokeMethod.evaluate(InvokeMethod.java:20)
	at org.junit.internal.runners.statements.RunBefores.evaluate(RunBefores.java:28)
	at org.junit.internal.runners.statements.RunAfters.evaluate(RunAfters.java:30)
	at org.junit.rules.TestWatcher$1.evaluate(TestWatcher.java:47)
	at org.junit.rules.RunRules.evaluate(RunRules.java:18)
	at org.junit.runners.ParentRunner.runLeaf(ParentRunner.java:263)
	at org.junit.runners.BlockJUnit4ClassRunner.runChild(BlockJUnit4ClassRunner.java:68)
	at org.junit.runners.BlockJUnit4ClassRunner.runChild(BlockJUnit4ClassRunner.java:47)
	at org.junit.runners.ParentRunner$3.run(ParentRunner.java:231)
	at org.junit.runners.ParentRunner$1.schedule(ParentRunner.java:60)
	at org.junit.runners.ParentRunner.runChildren(ParentRunner.java:229)
	at org.junit.runners.ParentRunner.access$000(ParentRunner.java:50)
	at org.junit.runners.ParentRunner$2.evaluate(ParentRunner.java:222)
	at org.junit.internal.runners.statements.RunAfters.evaluate(RunAfters.java:30)
	at org.junit.runners.ParentRunner.run(ParentRunner.java:300)
	at org.apache.maven.surefire.junit4.JUnit4Provider.execute(JUnit4Provider.java:236)
	at org.apache.maven.surefire.junit4.JUnit4Provider.executeTestSet(JUnit4Provider.java:134)
	at org.apache.maven.surefire.junit4.JUnit4Provider.invoke(JUnit4Provider.java:113)
	at sun.reflect.NativeMethodAccessorImpl.invoke0(Native Method)
	at sun.reflect.NativeMethodAccessorImpl.invoke(NativeMethodAccessorImpl.java:57)
	at sun.reflect.DelegatingMethodAccessorImpl.invoke(DelegatingMethodAccessorImpl.java:43)
	at java.lang.reflect.Method.invoke(Method.java:606)
	at org.apache.maven.surefire.util.ReflectionUtils.invokeMethodWithArray(ReflectionUtils.java:189)
	at org.apache.maven.surefire.booter.ProviderFactory$ProviderProxy.invoke(ProviderFactory.java:165)
	at org.apache.maven.surefire.booter.ProviderFactory.invokeProvider(ProviderFactory.java:85)
	at org.apache.maven.surefire.booter.ForkedBooter.runSuitesInProcess(ForkedBooter.java:103)
	at org.apache.maven.surefire.booter.ForkedBooter.main(ForkedBooter.java:74)
</failure>
    <system-out>2013-09-02 11:37:56,216 [main           ] INFO  ZeromqProducerTest             - ********************************************************************************
2013-09-02 11:37:56,217 [main           ] INFO  ZeromqProducerTest             - Testing: testProduce(org.apache.camel.component.zeromq.ZeromqProducerTest)
2013-09-02 11:37:56,217 [main           ] INFO  ZeromqProducerTest             - ********************************************************************************
2013-09-02 11:37:56,467 [main           ] INFO  DefaultCamelContext            - Apache Camel 2.11.0 (CamelContext: camel-1) is starting
2013-09-02 11:37:56,469 [main           ] INFO  ManagementStrategyFactory      - JMX is disabled.
2013-09-02 11:37:56,529 [main           ] INFO  DefaultTypeConverter           - Loaded 172 type converters
2013-09-02 11:37:56,571 [main           ] INFO  ZeromqComponent                - Created Zeromq Endpoint [Endpoint[zeromq://tcp://0.0.0.0:5555?socketType=PUBLISH&amp;topics=ComponentTestTopic]]
2013-09-02 11:37:56,654 [main           ] INFO  ZeromqProducer                 - Binding client to [tcp://0.0.0.0:5555]
2013-09-02 11:37:56,660 [main           ] INFO  ZeromqProducer                 - Client bound OK
2013-09-02 11:37:56,661 [main           ] INFO  DefaultCamelContext            - Route: route1 started and consuming from: Endpoint[direct://foo]
2013-09-02 11:37:56,662 [main           ] INFO  DefaultCamelContext            - Total 1 routes, of which 1 is started.
2013-09-02 11:37:56,665 [main           ] INFO  DefaultCamelContext            - Apache Camel 2.11.0 (CamelContext: camel-1) started in 0.196 seconds
2013-09-02 11:38:16,698 [main           ] INFO  ZeromqProducerTest             - ********************************************************************************
2013-09-02 11:38:16,698 [main           ] INFO  ZeromqProducerTest             - Testing done: testProduce(org.apache.camel.component.zeromq.ZeromqProducerTest)
2013-09-02 11:38:16,699 [main           ] INFO  ZeromqProducerTest             - Took: 20.028 seconds (20028 millis)
2013-09-02 11:38:16,699 [main           ] INFO  ZeromqProducerTest             - ********************************************************************************
2013-09-02 11:38:16,700 [main           ] INFO  DefaultCamelContext            - Apache Camel 2.11.0 (CamelContext: camel-1) is shutting down
2013-09-02 11:38:16,702 [main           ] INFO  DefaultShutdownStrategy        - Starting to graceful shutdown 1 routes (timeout 10 seconds)
2013-09-02 11:38:16,709 [ - ShutdownTask] INFO  DefaultShutdownStrategy        - Route: route1 shutdown complete, was consuming from: Endpoint[direct://foo]
2013-09-02 11:38:16,710 [main           ] INFO  DefaultShutdownStrategy        - Graceful shutdown of 1 routes completed in 0 seconds
2013-09-02 11:38:16,714 [main           ] INFO  DefaultCamelContext            - Uptime 20.248 seconds
2013-09-02 11:38:16,715 [main           ] INFO  DefaultCamelContext            - Apache Camel 2.11.0 (CamelContext: camel-1) is shutdown in 0.014 seconds
</system-out>
  </testcase>
</testsuite>